<?xml version="1.0" encoding="UTF-8"?>
<!-- Generated by org.testng.reporters.JUnitReportReporter -->
<testsuite hostname="LAPTOP221" failures="0" tests="18" name="com.SmartCommerce.PageTests.ShopperChoiceTest" time="1477.048" errors="0" timestamp="2023-07-19T19:47:22 PKT" skipped="0">
  <testcase classname="com.SmartCommerce.PageTests.ShopperChoiceTest" name="SHOPPERCHOICE_CREATE_RETAILER_USING_NAME" time="102.924"/>
  <system-out/>
  <testcase classname="com.SmartCommerce.PageTests.ShopperChoiceTest" name="SHOPPERCHOICE_CREATE_RETAILER_USING_WILDCARD" time="94.910"/>
  <system-out/>
  <testcase classname="com.SmartCommerce.PageTests.ShopperChoiceTest" name="SHOPPERCHOICE_CREATE_RETAILER_USING_UPC" time="84.709"/>
  <system-out/>
  <testcase classname="com.SmartCommerce.PageTests.ShopperChoiceTest" name="ShopperChoice_Click_On_Existing_URL" time="18.461"/>
  <system-out/>
  <testcase classname="com.SmartCommerce.PageTests.ShopperChoiceTest" name="SHOPPERCHOICE_EDIT_RETAILER" time="75.719"/>
  <system-out/>
  <testcase classname="com.SmartCommerce.PageTests.ShopperChoiceTest" name="ShopperChoice_Copy_Existing_URL" time="16.234"/>
  <system-out/>
  <testcase classname="com.SmartCommerce.PageTests.ShopperChoiceTest" name="ShopperChoice_Delete_URL" time="32.102"/>
  <system-out/>
  <testcase classname="com.SmartCommerce.PageTests.ShopperChoiceTest" name="SHOPPERCHOICE_CREATE_SMARTSHELF" time="97.403"/>
  <system-out/>
  <testcase classname="com.SmartCommerce.PageTests.ShopperChoiceTest" name="SHOPPERCHOICE_EDIT_SMARTSHELF" time="72.907"/>
  <system-out/>
  <testcase classname="com.SmartCommerce.PageTests.ShopperChoiceTest" name="SHOPPERCHOICE_COPY_SMARTSHELF" time="19.083"/>
  <system-out/>
  <testcase classname="com.SmartCommerce.PageTests.ShopperChoiceTest" name="SHOPPERCHOICE_DELETE_SMARTSHELF" time="17.341"/>
  <system-out/>
  <testcase classname="com.SmartCommerce.PageTests.ShopperChoiceTest" name="SHOPPERCHOICE_MARKETING_ASSETS" time="117.398"/>
  <system-out/>
  <testcase classname="com.SmartCommerce.PageTests.ShopperChoiceTest" name="SHOPPERCHOICE_BACKGROUD_ASSETS" time="120.560"/>
  <system-out/>
  <testcase classname="com.SmartCommerce.PageTests.ShopperChoiceTest" name="SHOPPERCHOICE_ACTIVATE_LOCAL_RETAILER" time="114.881"/>
  <system-out/>
  <testcase classname="com.SmartCommerce.PageTests.ShopperChoiceTest" name="SHOPPERCHOICE_ACTIVATE_WTB_RETAILER" time="143.476"/>
  <system-out/>
  <testcase classname="com.SmartCommerce.PageTests.ShopperChoiceTest" name="SHOPPERCHOICE_WTB_RETAILER_SELECTED_LANGUAGE" time="123.464"/>
  <system-out/>
  <testcase classname="com.SmartCommerce.PageTests.ShopperChoiceTest" name="SHOPPERCHOICE_MANUAL_RETAILER_SELECTION" time="128.145"/>
  <system-out/>
  <testcase classname="com.SmartCommerce.PageTests.ShopperChoiceTest" name="SHOPPERCHOICE_RANDOM_RETAILER_SELECTION" time="97.331"/>
  <system-out/>
</testsuite> <!-- com.SmartCommerce.PageTests.ShopperChoiceTest -->
