<?xml version="1.0" encoding="UTF-8"?>
<!-- Generated by org.testng.reporters.JUnitReportReporter -->
<testsuite hostname="LAPTOP221" failures="0" tests="2" name="com.SmartCommerce.PageTests.UsersTest" time="89.865" errors="0" timestamp="2023-07-21T18:25:27 PKT" skipped="0">
  <testcase classname="com.SmartCommerce.PageTests.UsersTest" name="CREATE_USER_CLIENTVIEWER" time="42.772"/>
  <system-out/>
  <testcase classname="com.SmartCommerce.PageTests.UsersTest" name="CREATE_USER_CLIENTIMPLEMENTER" time="47.093"/>
  <system-out/>
</testsuite> <!-- com.SmartCommerce.PageTests.UsersTest -->
