<?xml version="1.0" encoding="UTF-8"?>
<!-- Generated by org.testng.reporters.JUnitReportReporter -->
<testsuite hostname="LAPTOP221" failures="0" tests="9" name="com.SmartCommerce.PageTests.Click2CartTest" time="590.968" errors="0" timestamp="2023-07-19T19:47:22 PKT" skipped="0">
  <testcase classname="com.SmartCommerce.PageTests.Click2CartTest" name="C2C_Verify_Existing_URLS" time="118.265"/>
  <system-out/>
  <testcase classname="com.SmartCommerce.PageTests.Click2CartTest" name="C2C_CREATE_USING_NAME" time="77.144"/>
  <system-out/>
  <testcase classname="com.SmartCommerce.PageTests.Click2CartTest" name="C2C_CREATE_USING_UPC" time="87.849"/>
  <system-out/>
  <testcase classname="com.SmartCommerce.PageTests.Click2CartTest" name="C2C_CREATE_USING_WILDCARD" time="90.248"/>
  <system-out/>
  <testcase classname="com.SmartCommerce.PageTests.Click2CartTest" name="C2C_Click_On_Existing_URL" time="15.770"/>
  <system-out/>
  <testcase classname="com.SmartCommerce.PageTests.Click2CartTest" name="C2C_EDIT_AND_SAVE" time="54.027"/>
  <system-out/>
  <testcase classname="com.SmartCommerce.PageTests.Click2CartTest" name="C2C_Copy_URL" time="33.332"/>
  <system-out/>
  <testcase classname="com.SmartCommerce.PageTests.Click2CartTest" name="C2C_Delete_URL" time="24.940"/>
  <system-out/>
  <testcase classname="com.SmartCommerce.PageTests.Click2CartTest" name="C2C_ADD_LABEL_MANUFACTURER" time="89.393"/>
  <system-out/>
</testsuite> <!-- com.SmartCommerce.PageTests.Click2CartTest -->
