<?xml version="1.0" encoding="UTF-8"?>
<!-- Generated by org.testng.reporters.JUnitReportReporter -->
<testsuite hostname="LAPTOP221" failures="0" tests="1" name="com.SmartCommerce.PageTests.SCHomeTest" time="63.525" errors="0" timestamp="2023-06-07T17:11:22 PKT" skipped="0">
  <testcase classname="com.SmartCommerce.PageTests.SCHomeTest" name="checkTitle" time="63.525"/>
  <system-out/>
</testsuite> <!-- com.SmartCommerce.PageTests.SCHomeTest -->
