<?xml version="1.0" encoding="UTF-8"?>
<!-- Generated by org.testng.reporters.JUnitReportReporter -->
<testsuite hostname="LAPTOP221" failures="0" tests="7" name="com.SmartCommerce.PageTests.SmartSiteTest" time="368.561" errors="0" timestamp="2023-07-19T19:47:22 PKT" skipped="0">
  <testcase classname="com.SmartCommerce.PageTests.SmartSiteTest" name="SMARTSITE_CREATE_WIDGET_USING_NAME" time="67.231"/>
  <system-out/>
  <testcase classname="com.SmartCommerce.PageTests.SmartSiteTest" name="SMARTSITE_CREATE_WIDGET_USING_WILDCARD" time="87.457"/>
  <system-out/>
  <testcase classname="com.SmartCommerce.PageTests.SmartSiteTest" name="SMARTSITE_CREATE_WIDGET_USING_UPC" time="87.194"/>
  <system-out/>
  <testcase classname="com.SmartCommerce.PageTests.SmartSiteTest" name="SMARTSITE_EDIT_WIDGET" time="61.652"/>
  <system-out/>
  <testcase classname="com.SmartCommerce.PageTests.SmartSiteTest" name="SMARTSITE_COPY_WIDGET" time="15.235"/>
  <system-out/>
  <testcase classname="com.SmartCommerce.PageTests.SmartSiteTest" name="SMARTSITE_VIEW_WIDGET" time="39.948"/>
  <system-out/>
  <testcase classname="com.SmartCommerce.PageTests.SmartSiteTest" name="SMARTSITE_DELETE_WIDGET" time="9.844"/>
  <system-out/>
</testsuite> <!-- com.SmartCommerce.PageTests.SmartSiteTest -->
